<?xml version="1.0" encoding="UTF-8"?>
<!-- Generated by org.testng.reporters.JUnitXMLReporter -->
<testsuite hostname="LAPTOP-E5HOM5DE" ignored="0" name="Surefire test" tests="8" failures="1" timestamp="2019-04-02T10:56:16 EDT" time="133.616" errors="0">
  <testcase name="LoginWithEmptyValue" time="0.836" classname="GmailLogin_All_TestCase.GmailLogin_Test"/>
  <testcase name="LoginWithIncorrectEmail" time="0.849" classname="GmailLogin_All_TestCase.GmailLogin_Test"/>
  <testcase name="LoginWithIncorrectPhone" time="0.887" classname="GmailLogin_All_TestCase.GmailLogin_Test"/>
  <testcase name="LoginWithNotRegisteredPhone" time="0.918" classname="GmailLogin_All_TestCase.GmailLogin_Test"/>
  <testcase name="LoginWithCorrectEmail_IncorrectPassword" time="6.788" classname="GmailLogin_All_TestCase.GmailLogin_Test"/>
  <testcase name="LoginWithCorrectPhone_IncorrectPassword" time="6.71" classname="GmailLogin_All_TestCase.GmailLogin_Test"/>
  <testcase name="LoginWithCorrectEmail_CorrecrPassword" time="6.156" classname="GmailLogin_All_TestCase.GmailLogin_Test"/>
  <testcase name="LoginWithCorrectPhone_CorrecrPassword" time="1.018" classname="GmailLogin_All_TestCase.GmailLogin_Test">
    <failure type="org.openqa.selenium.ElementClickInterceptedException" message="Element &amp;lt;content class=&amp;quot;CwaK9&amp;quot;&amp;gt; is not clickable at point (823,386) because another element &amp;lt;div class=&amp;quot;ANuIbb IdAqtf&amp;quot;&amp;gt; obscures it
Build info: version: &amp;apos;3.141.59&amp;apos;, revision: &amp;apos;e82be7d358&amp;apos;, time: &amp;apos;2018-11-14T08:17:03&amp;apos;
System info: host: &amp;apos;LAPTOP-E5HOM5DE&amp;apos;, ip: &amp;apos;10.111.96.93&amp;apos;, os.name: &amp;apos;Windows 10&amp;apos;, os.arch: &amp;apos;amd64&amp;apos;, os.version: &amp;apos;10.0&amp;apos;, java.version: &amp;apos;1.8.0_201&amp;apos;
Driver info: org.openqa.selenium.firefox.FirefoxDriver
Capabilities {acceptInsecureCerts: true, browserName: firefox, browserVersion: 67.0, javascriptEnabled: true, moz:accessibilityChecks: false, moz:buildID: 20190328152334, moz:geckodriverVersion: 0.24.0, moz:headless: false, moz:processID: 3220, moz:profile: C:\Users\Shivangi\AppData\L..., moz:shutdownTimeout: 60000, moz:useNonSpecCompliantPointerOrigin: false, moz:webdriverClick: true, pageLoadStrategy: normal, platform: WINDOWS, platformName: WINDOWS, platformVersion: 10.0, rotatable: false, setWindowRect: true, strictFileInteractability: false, timeouts: {implicit: 0, pageLoad: 300000, script: 30000}, unhandledPromptBehavior: dismiss and notify}
Session ID: db987a67-6f2e-4685-9e00-233e14438df1">
      <![CDATA[org.openqa.selenium.ElementClickInterceptedException: Element <content class="CwaK9"> is not clickable at point (823,386) because another element <div class="ANuIbb IdAqtf"> obscures it
Build info: version: '3.141.59', revision: 'e82be7d358', time: '2018-11-14T08:17:03'
System info: host: 'LAPTOP-E5HOM5DE', ip: '10.111.96.93', os.name: 'Windows 10', os.arch: 'amd64', os.version: '10.0', java.version: '1.8.0_201'
Driver info: org.openqa.selenium.firefox.FirefoxDriver
Capabilities {acceptInsecureCerts: true, browserName: firefox, browserVersion: 67.0, javascriptEnabled: true, moz:accessibilityChecks: false, moz:buildID: 20190328152334, moz:geckodriverVersion: 0.24.0, moz:headless: false, moz:processID: 3220, moz:profile: C:\Users\Shivangi\AppData\L..., moz:shutdownTimeout: 60000, moz:useNonSpecCompliantPointerOrigin: false, moz:webdriverClick: true, pageLoadStrategy: normal, platform: WINDOWS, platformName: WINDOWS, platformVersion: 10.0, rotatable: false, setWindowRect: true, strictFileInteractability: false, timeouts: {implicit: 0, pageLoad: 300000, script: 30000}, unhandledPromptBehavior: dismiss and notify}
Session ID: db987a67-6f2e-4685-9e00-233e14438df1
at org.openqa.selenium.remote.http.W3CHttpResponseCodec.createException(W3CHttpResponseCodec.java:187)
at org.openqa.selenium.remote.http.W3CHttpResponseCodec.decode(W3CHttpResponseCodec.java:122)
at org.openqa.selenium.remote.http.W3CHttpResponseCodec.decode(W3CHttpResponseCodec.java:49)
at org.openqa.selenium.remote.HttpCommandExecutor.execute(HttpCommandExecutor.java:158)
at org.openqa.selenium.remote.service.DriverCommandExecutor.execute(DriverCommandExecutor.java:83)
at org.openqa.selenium.remote.RemoteWebDriver.execute(RemoteWebDriver.java:552)
at org.openqa.selenium.remote.RemoteWebElement.execute(RemoteWebElement.java:285)
at org.openqa.selenium.remote.RemoteWebElement.click(RemoteWebElement.java:84)
at org.openqa.selenium.support.pagefactory.internal.LocatingElementHandler.invoke(LocatingElementHandler.java:51)
at com.sun.proxy.$Proxy4.click(Unknown Source)
at GmailLogin_All_TestCase.GmailLogin_Page.CorrectPwd(GmailLogin_Page.java:125)
at GmailLogin_All_TestCase.GmailLogin_Test.LoginWithCorrectPhone_CorrecrPassword(GmailLogin_Test.java:100)
... Removed 40 stack frames]]>
    </failure>
  </testcase> <!-- LoginWithCorrectPhone_CorrecrPassword -->
</testsuite> <!-- Surefire test -->
