<?xml version="1.0" encoding="UTF-8"?>
<testng-results skipped="0" failed="1" ignored="0" total="8" passed="7">
  <reporter-output>
  </reporter-output>
  <suite name="Surefire suite" duration-ms="150831" started-at="2019-04-02T11:13:53 EDT" finished-at="2019-04-02T11:16:24 EDT">
    <groups>
    </groups>
    <test name="Surefire test" duration-ms="150831" started-at="2019-04-02T11:13:53 EDT" finished-at="2019-04-02T11:16:24 EDT">
      <class name="GmailLogin_All_TestCase.GmailLogin_Test">
        <test-method status="PASS" signature="beforeMethod()[pri:0, instance:GmailLogin_All_TestCase.GmailLogin_Test@26be92ad]" name="beforeMethod" is-config="true" duration-ms="16048" started-at="2019-04-02T11:13:54 EDT" finished-at="2019-04-02T11:14:10 EDT">
          <reporter-output>
          </reporter-output>
        </test-method> <!-- beforeMethod -->
        <test-method status="PASS" signature="LoginWithEmptyValue()[pri:1, instance:GmailLogin_All_TestCase.GmailLogin_Test@26be92ad]" name="LoginWithEmptyValue" duration-ms="1120" started-at="2019-04-02T11:14:10 EDT" finished-at="2019-04-02T11:14:11 EDT">
          <reporter-output>
          </reporter-output>
        </test-method> <!-- LoginWithEmptyValue -->
        <test-method status="PASS" signature="afterMethod()[pri:0, instance:GmailLogin_All_TestCase.GmailLogin_Test@26be92ad]" name="afterMethod" is-config="true" duration-ms="3681" started-at="2019-04-02T11:14:11 EDT" finished-at="2019-04-02T11:14:14 EDT">
          <reporter-output>
          </reporter-output>
        </test-method> <!-- afterMethod -->
        <test-method status="PASS" signature="beforeMethod()[pri:0, instance:GmailLogin_All_TestCase.GmailLogin_Test@26be92ad]" name="beforeMethod" is-config="true" duration-ms="11949" started-at="2019-04-02T11:14:14 EDT" finished-at="2019-04-02T11:14:26 EDT">
          <reporter-output>
          </reporter-output>
        </test-method> <!-- beforeMethod -->
        <test-method status="PASS" signature="LoginWithIncorrectEmail()[pri:2, instance:GmailLogin_All_TestCase.GmailLogin_Test@26be92ad]" name="LoginWithIncorrectEmail" duration-ms="880" started-at="2019-04-02T11:14:26 EDT" finished-at="2019-04-02T11:14:27 EDT">
          <reporter-output>
          </reporter-output>
        </test-method> <!-- LoginWithIncorrectEmail -->
        <test-method status="PASS" signature="afterMethod()[pri:0, instance:GmailLogin_All_TestCase.GmailLogin_Test@26be92ad]" name="afterMethod" is-config="true" duration-ms="2403" started-at="2019-04-02T11:14:27 EDT" finished-at="2019-04-02T11:14:30 EDT">
          <reporter-output>
          </reporter-output>
        </test-method> <!-- afterMethod -->
        <test-method status="PASS" signature="beforeMethod()[pri:0, instance:GmailLogin_All_TestCase.GmailLogin_Test@26be92ad]" name="beforeMethod" is-config="true" duration-ms="11077" started-at="2019-04-02T11:14:30 EDT" finished-at="2019-04-02T11:14:41 EDT">
          <reporter-output>
          </reporter-output>
        </test-method> <!-- beforeMethod -->
        <test-method status="PASS" signature="LoginWithIncorrectPhone()[pri:3, instance:GmailLogin_All_TestCase.GmailLogin_Test@26be92ad]" name="LoginWithIncorrectPhone" duration-ms="881" started-at="2019-04-02T11:14:41 EDT" finished-at="2019-04-02T11:14:42 EDT">
          <reporter-output>
          </reporter-output>
        </test-method> <!-- LoginWithIncorrectPhone -->
        <test-method status="PASS" signature="afterMethod()[pri:0, instance:GmailLogin_All_TestCase.GmailLogin_Test@26be92ad]" name="afterMethod" is-config="true" duration-ms="1927" started-at="2019-04-02T11:14:42 EDT" finished-at="2019-04-02T11:14:44 EDT">
          <reporter-output>
          </reporter-output>
        </test-method> <!-- afterMethod -->
        <test-method status="PASS" signature="beforeMethod()[pri:0, instance:GmailLogin_All_TestCase.GmailLogin_Test@26be92ad]" name="beforeMethod" is-config="true" duration-ms="9977" started-at="2019-04-02T11:14:44 EDT" finished-at="2019-04-02T11:14:53 EDT">
          <reporter-output>
          </reporter-output>
        </test-method> <!-- beforeMethod -->
        <test-method status="PASS" signature="LoginWithNotRegisteredPhone()[pri:4, instance:GmailLogin_All_TestCase.GmailLogin_Test@26be92ad]" name="LoginWithNotRegisteredPhone" duration-ms="954" started-at="2019-04-02T11:14:53 EDT" finished-at="2019-04-02T11:14:54 EDT">
          <reporter-output>
          </reporter-output>
        </test-method> <!-- LoginWithNotRegisteredPhone -->
        <test-method status="PASS" signature="afterMethod()[pri:0, instance:GmailLogin_All_TestCase.GmailLogin_Test@26be92ad]" name="afterMethod" is-config="true" duration-ms="2766" started-at="2019-04-02T11:14:54 EDT" finished-at="2019-04-02T11:14:57 EDT">
          <reporter-output>
          </reporter-output>
        </test-method> <!-- afterMethod -->
        <test-method status="PASS" signature="beforeMethod()[pri:0, instance:GmailLogin_All_TestCase.GmailLogin_Test@26be92ad]" name="beforeMethod" is-config="true" duration-ms="12816" started-at="2019-04-02T11:14:57 EDT" finished-at="2019-04-02T11:15:10 EDT">
          <reporter-output>
          </reporter-output>
        </test-method> <!-- beforeMethod -->
        <test-method status="PASS" signature="LoginWithCorrectEmail_IncorrectPassword()[pri:5, instance:GmailLogin_All_TestCase.GmailLogin_Test@26be92ad]" name="LoginWithCorrectEmail_IncorrectPassword" duration-ms="6827" started-at="2019-04-02T11:15:10 EDT" finished-at="2019-04-02T11:15:17 EDT">
          <reporter-output>
          </reporter-output>
        </test-method> <!-- LoginWithCorrectEmail_IncorrectPassword -->
        <test-method status="PASS" signature="afterMethod()[pri:0, instance:GmailLogin_All_TestCase.GmailLogin_Test@26be92ad]" name="afterMethod" is-config="true" duration-ms="2090" started-at="2019-04-02T11:15:17 EDT" finished-at="2019-04-02T11:15:19 EDT">
          <reporter-output>
          </reporter-output>
        </test-method> <!-- afterMethod -->
        <test-method status="PASS" signature="beforeMethod()[pri:0, instance:GmailLogin_All_TestCase.GmailLogin_Test@26be92ad]" name="beforeMethod" is-config="true" duration-ms="10678" started-at="2019-04-02T11:15:19 EDT" finished-at="2019-04-02T11:15:30 EDT">
          <reporter-output>
          </reporter-output>
        </test-method> <!-- beforeMethod -->
        <test-method status="PASS" signature="LoginWithCorrectPhone_IncorrectPassword()[pri:6, instance:GmailLogin_All_TestCase.GmailLogin_Test@26be92ad]" name="LoginWithCorrectPhone_IncorrectPassword" duration-ms="6734" started-at="2019-04-02T11:15:30 EDT" finished-at="2019-04-02T11:15:36 EDT">
          <reporter-output>
          </reporter-output>
        </test-method> <!-- LoginWithCorrectPhone_IncorrectPassword -->
        <test-method status="PASS" signature="afterMethod()[pri:0, instance:GmailLogin_All_TestCase.GmailLogin_Test@26be92ad]" name="afterMethod" is-config="true" duration-ms="1836" started-at="2019-04-02T11:15:36 EDT" finished-at="2019-04-02T11:15:38 EDT">
          <reporter-output>
          </reporter-output>
        </test-method> <!-- afterMethod -->
        <test-method status="PASS" signature="beforeMethod()[pri:0, instance:GmailLogin_All_TestCase.GmailLogin_Test@26be92ad]" name="beforeMethod" is-config="true" duration-ms="9493" started-at="2019-04-02T11:15:38 EDT" finished-at="2019-04-02T11:15:48 EDT">
          <reporter-output>
          </reporter-output>
        </test-method> <!-- beforeMethod -->
        <test-method status="PASS" signature="LoginWithCorrectEmail_CorrecrPassword()[pri:7, instance:GmailLogin_All_TestCase.GmailLogin_Test@26be92ad]" name="LoginWithCorrectEmail_CorrecrPassword" duration-ms="15813" started-at="2019-04-02T11:15:48 EDT" finished-at="2019-04-02T11:16:03 EDT">
          <reporter-output>
          </reporter-output>
        </test-method> <!-- LoginWithCorrectEmail_CorrecrPassword -->
        <test-method status="PASS" signature="afterMethod()[pri:0, instance:GmailLogin_All_TestCase.GmailLogin_Test@26be92ad]" name="afterMethod" is-config="true" duration-ms="2037" started-at="2019-04-02T11:16:03 EDT" finished-at="2019-04-02T11:16:06 EDT">
          <reporter-output>
          </reporter-output>
        </test-method> <!-- afterMethod -->
        <test-method status="PASS" signature="beforeMethod()[pri:0, instance:GmailLogin_All_TestCase.GmailLogin_Test@26be92ad]" name="beforeMethod" is-config="true" duration-ms="10642" started-at="2019-04-02T11:16:06 EDT" finished-at="2019-04-02T11:16:16 EDT">
          <reporter-output>
          </reporter-output>
        </test-method> <!-- beforeMethod -->
        <test-method status="FAIL" signature="LoginWithCorrectPhone_CorrecrPassword()[pri:8, instance:GmailLogin_All_TestCase.GmailLogin_Test@26be92ad]" name="LoginWithCorrectPhone_CorrecrPassword" duration-ms="6243" started-at="2019-04-02T11:16:16 EDT" finished-at="2019-04-02T11:16:22 EDT">
          <exception class="java.lang.AssertionError">
            <message>
              <![CDATA[expected [https://accounts.google.com/signin/v2/sl/pwd?service=mail&passive=true&rm=false&continue=https%3A%2F%2Fmail.google.com%2Fmail%2F&ss=1&scc=1&ltmpl=default&ltmplcache=2&emr=1&osid=1&flowName=GlifWebSignIn&flowEntry=ServiceLogin&cid=1&navigationDirection=forward] but found [https://mail.google.com/mail/u/0/#inbox]]]>
            </message>
            <full-stacktrace>
              <![CDATA[java.lang.AssertionError: expected [https://accounts.google.com/signin/v2/sl/pwd?service=mail&passive=true&rm=false&continue=https%3A%2F%2Fmail.google.com%2Fmail%2F&ss=1&scc=1&ltmpl=default&ltmplcache=2&emr=1&osid=1&flowName=GlifWebSignIn&flowEntry=ServiceLogin&cid=1&navigationDirection=forward] but found [https://mail.google.com/mail/u/0/#inbox]
at org.testng.Assert.fail(Assert.java:97)
at org.testng.Assert.assertEqualsImpl(Assert.java:136)
at org.testng.Assert.assertEquals(Assert.java:118)
at org.testng.Assert.assertEquals(Assert.java:575)
at org.testng.Assert.assertEquals(Assert.java:585)
at GmailLogin_All_TestCase.GmailLogin_Test.LoginWithCorrectPhone_CorrecrPassword(GmailLogin_Test.java:101)
at sun.reflect.NativeMethodAccessorImpl.invoke0(Native Method)
at sun.reflect.NativeMethodAccessorImpl.invoke(NativeMethodAccessorImpl.java:62)
at sun.reflect.DelegatingMethodAccessorImpl.invoke(DelegatingMethodAccessorImpl.java:43)
at java.lang.reflect.Method.invoke(Method.java:498)
at org.testng.internal.MethodInvocationHelper.invokeMethod(MethodInvocationHelper.java:131)
at org.testng.internal.TestInvoker.invokeMethod(TestInvoker.java:570)
at org.testng.internal.TestInvoker.invokeTestMethod(TestInvoker.java:170)
at org.testng.internal.MethodRunner.runInSequence(MethodRunner.java:46)
at org.testng.internal.TestInvoker$MethodInvocationAgent.invoke(TestInvoker.java:790)
at org.testng.internal.TestInvoker.invokeTestMethods(TestInvoker.java:143)
at org.testng.internal.TestMethodWorker.invokeTestMethods(TestMethodWorker.java:146)
at org.testng.internal.TestMethodWorker.run(TestMethodWorker.java:128)
at org.testng.TestRunner.privateRun(TestRunner.java:763)
at org.testng.TestRunner.run(TestRunner.java:594)
at org.testng.SuiteRunner.runTest(SuiteRunner.java:398)
at org.testng.SuiteRunner.runSequentially(SuiteRunner.java:392)
at org.testng.SuiteRunner.privateRun(SuiteRunner.java:355)
at org.testng.SuiteRunner.run(SuiteRunner.java:304)
at org.testng.SuiteRunnerWorker.runSuite(SuiteRunnerWorker.java:53)
at org.testng.SuiteRunnerWorker.run(SuiteRunnerWorker.java:96)
at org.testng.TestNG.runSuitesSequentially(TestNG.java:1146)
at org.testng.TestNG.runSuitesLocally(TestNG.java:1067)
at org.testng.TestNG.runSuites(TestNG.java:997)
at org.testng.TestNG.run(TestNG.java:965)
at org.apache.maven.surefire.testng.TestNGExecutor.run(TestNGExecutor.java:135)
at org.apache.maven.surefire.testng.TestNGDirectoryTestSuite.executeSingleClass(TestNGDirectoryTestSuite.java:112)
at org.apache.maven.surefire.testng.TestNGDirectoryTestSuite.execute(TestNGDirectoryTestSuite.java:99)
at org.apache.maven.surefire.testng.TestNGProvider.invoke(TestNGProvider.java:146)
at org.apache.maven.surefire.booter.ForkedBooter.invokeProviderInSameClassLoader(ForkedBooter.java:384)
at org.apache.maven.surefire.booter.ForkedBooter.runSuitesInProcess(ForkedBooter.java:345)
at org.apache.maven.surefire.booter.ForkedBooter.execute(ForkedBooter.java:126)
at org.apache.maven.surefire.booter.ForkedBooter.main(ForkedBooter.java:418)
]]>
            </full-stacktrace>
          </exception> <!-- java.lang.AssertionError -->
          <reporter-output>
          </reporter-output>
        </test-method> <!-- LoginWithCorrectPhone_CorrecrPassword -->
        <test-method status="PASS" signature="afterMethod()[pri:0, instance:GmailLogin_All_TestCase.GmailLogin_Test@26be92ad]" name="afterMethod" is-config="true" duration-ms="1875" started-at="2019-04-02T11:16:22 EDT" finished-at="2019-04-02T11:16:24 EDT">
          <reporter-output>
          </reporter-output>
        </test-method> <!-- afterMethod -->
      </class> <!-- GmailLogin_All_TestCase.GmailLogin_Test -->
    </test> <!-- Surefire test -->
  </suite> <!-- Surefire suite -->
</testng-results>
