<?xml version="1.0" encoding="UTF-8"?>
<testng-results skipped="0" failed="2" ignored="0" total="8" passed="6">
  <reporter-output>
  </reporter-output>
  <suite name="Suite" duration-ms="136147" started-at="2019-04-02T10:32:01 EDT" finished-at="2019-04-02T10:34:17 EDT">
    <groups>
    </groups>
    <test name="Test" duration-ms="136147" started-at="2019-04-02T10:32:01 EDT" finished-at="2019-04-02T10:34:17 EDT">
      <class name="GmailLogin_All_TestCase.GmailLogin_Test">
        <test-method status="PASS" signature="beforeMethod()[pri:0, instance:GmailLogin_All_TestCase.GmailLogin_Test@520a3426]" name="beforeMethod" is-config="true" duration-ms="11762" started-at="2019-04-02T10:32:01 EDT" finished-at="2019-04-02T10:32:12 EDT">
          <reporter-output>
          </reporter-output>
        </test-method> <!-- beforeMethod -->
        <test-method status="PASS" signature="LoginWithEmptyValue()[pri:1, instance:GmailLogin_All_TestCase.GmailLogin_Test@520a3426]" name="LoginWithEmptyValue" duration-ms="791" started-at="2019-04-02T10:32:12 EDT" finished-at="2019-04-02T10:32:13 EDT">
          <reporter-output>
          </reporter-output>
        </test-method> <!-- LoginWithEmptyValue -->
        <test-method status="PASS" signature="afterMethod()[pri:0, instance:GmailLogin_All_TestCase.GmailLogin_Test@520a3426]" name="afterMethod" is-config="true" duration-ms="2191" started-at="2019-04-02T10:32:13 EDT" finished-at="2019-04-02T10:32:15 EDT">
          <reporter-output>
          </reporter-output>
        </test-method> <!-- afterMethod -->
        <test-method status="PASS" signature="beforeMethod()[pri:0, instance:GmailLogin_All_TestCase.GmailLogin_Test@520a3426]" name="beforeMethod" is-config="true" duration-ms="9812" started-at="2019-04-02T10:32:15 EDT" finished-at="2019-04-02T10:32:25 EDT">
          <reporter-output>
          </reporter-output>
        </test-method> <!-- beforeMethod -->
        <test-method status="PASS" signature="LoginWithIncorrectEmail()[pri:2, instance:GmailLogin_All_TestCase.GmailLogin_Test@520a3426]" name="LoginWithIncorrectEmail" duration-ms="786" started-at="2019-04-02T10:32:25 EDT" finished-at="2019-04-02T10:32:26 EDT">
          <reporter-output>
          </reporter-output>
        </test-method> <!-- LoginWithIncorrectEmail -->
        <test-method status="PASS" signature="afterMethod()[pri:0, instance:GmailLogin_All_TestCase.GmailLogin_Test@520a3426]" name="afterMethod" is-config="true" duration-ms="2742" started-at="2019-04-02T10:32:26 EDT" finished-at="2019-04-02T10:32:29 EDT">
          <reporter-output>
          </reporter-output>
        </test-method> <!-- afterMethod -->
        <test-method status="PASS" signature="beforeMethod()[pri:0, instance:GmailLogin_All_TestCase.GmailLogin_Test@520a3426]" name="beforeMethod" is-config="true" duration-ms="10892" started-at="2019-04-02T10:32:29 EDT" finished-at="2019-04-02T10:32:40 EDT">
          <reporter-output>
          </reporter-output>
        </test-method> <!-- beforeMethod -->
        <test-method status="PASS" signature="LoginWithIncorrectPhone()[pri:3, instance:GmailLogin_All_TestCase.GmailLogin_Test@520a3426]" name="LoginWithIncorrectPhone" duration-ms="858" started-at="2019-04-02T10:32:40 EDT" finished-at="2019-04-02T10:32:41 EDT">
          <reporter-output>
          </reporter-output>
        </test-method> <!-- LoginWithIncorrectPhone -->
        <test-method status="PASS" signature="afterMethod()[pri:0, instance:GmailLogin_All_TestCase.GmailLogin_Test@520a3426]" name="afterMethod" is-config="true" duration-ms="2159" started-at="2019-04-02T10:32:41 EDT" finished-at="2019-04-02T10:32:43 EDT">
          <reporter-output>
          </reporter-output>
        </test-method> <!-- afterMethod -->
        <test-method status="PASS" signature="beforeMethod()[pri:0, instance:GmailLogin_All_TestCase.GmailLogin_Test@520a3426]" name="beforeMethod" is-config="true" duration-ms="12070" started-at="2019-04-02T10:32:43 EDT" finished-at="2019-04-02T10:32:55 EDT">
          <reporter-output>
          </reporter-output>
        </test-method> <!-- beforeMethod -->
        <test-method status="PASS" signature="LoginWithNotRegisteredPhone()[pri:4, instance:GmailLogin_All_TestCase.GmailLogin_Test@520a3426]" name="LoginWithNotRegisteredPhone" duration-ms="814" started-at="2019-04-02T10:32:55 EDT" finished-at="2019-04-02T10:32:56 EDT">
          <reporter-output>
          </reporter-output>
        </test-method> <!-- LoginWithNotRegisteredPhone -->
        <test-method status="PASS" signature="afterMethod()[pri:0, instance:GmailLogin_All_TestCase.GmailLogin_Test@520a3426]" name="afterMethod" is-config="true" duration-ms="3058" started-at="2019-04-02T10:32:56 EDT" finished-at="2019-04-02T10:32:59 EDT">
          <reporter-output>
          </reporter-output>
        </test-method> <!-- afterMethod -->
        <test-method status="PASS" signature="beforeMethod()[pri:0, instance:GmailLogin_All_TestCase.GmailLogin_Test@520a3426]" name="beforeMethod" is-config="true" duration-ms="13836" started-at="2019-04-02T10:32:59 EDT" finished-at="2019-04-02T10:33:13 EDT">
          <reporter-output>
          </reporter-output>
        </test-method> <!-- beforeMethod -->
        <test-method status="PASS" signature="LoginWithCorrectEmail_IncorrectPassword()[pri:5, instance:GmailLogin_All_TestCase.GmailLogin_Test@520a3426]" name="LoginWithCorrectEmail_IncorrectPassword" duration-ms="6666" started-at="2019-04-02T10:33:13 EDT" finished-at="2019-04-02T10:33:19 EDT">
          <reporter-output>
          </reporter-output>
        </test-method> <!-- LoginWithCorrectEmail_IncorrectPassword -->
        <test-method status="PASS" signature="afterMethod()[pri:0, instance:GmailLogin_All_TestCase.GmailLogin_Test@520a3426]" name="afterMethod" is-config="true" duration-ms="1941" started-at="2019-04-02T10:33:19 EDT" finished-at="2019-04-02T10:33:21 EDT">
          <reporter-output>
          </reporter-output>
        </test-method> <!-- afterMethod -->
        <test-method status="PASS" signature="beforeMethod()[pri:0, instance:GmailLogin_All_TestCase.GmailLogin_Test@520a3426]" name="beforeMethod" is-config="true" duration-ms="13512" started-at="2019-04-02T10:33:21 EDT" finished-at="2019-04-02T10:33:35 EDT">
          <reporter-output>
          </reporter-output>
        </test-method> <!-- beforeMethod -->
        <test-method status="FAIL" signature="LoginWithCorrectPhone_IncorrectPassword()[pri:6, instance:GmailLogin_All_TestCase.GmailLogin_Test@520a3426]" name="LoginWithCorrectPhone_IncorrectPassword" duration-ms="967" started-at="2019-04-02T10:33:35 EDT" finished-at="2019-04-02T10:33:36 EDT">
          <exception class="org.openqa.selenium.ElementClickInterceptedException">
            <message>
              <![CDATA[Element <content class="CwaK9"> is not clickable at point (875,386) because another element <div class="ANuIbb IdAqtf"> obscures it
Build info: version: '3.141.59', revision: 'e82be7d358', time: '2018-11-14T08:17:03'
System info: host: 'LAPTOP-E5HOM5DE', ip: '10.111.96.93', os.name: 'Windows 10', os.arch: 'amd64', os.version: '10.0', java.version: '1.8.0_201'
Driver info: org.openqa.selenium.firefox.FirefoxDriver
Capabilities {acceptInsecureCerts: true, browserName: firefox, browserVersion: 67.0, javascriptEnabled: true, moz:accessibilityChecks: false, moz:buildID: 20190328152334, moz:geckodriverVersion: 0.24.0, moz:headless: false, moz:processID: 3728, moz:profile: C:\Users\Shivangi\AppData\L..., moz:shutdownTimeout: 60000, moz:useNonSpecCompliantPointerOrigin: false, moz:webdriverClick: true, pageLoadStrategy: normal, platform: WINDOWS, platformName: WINDOWS, platformVersion: 10.0, rotatable: false, setWindowRect: true, strictFileInteractability: false, timeouts: {implicit: 0, pageLoad: 300000, script: 30000}, unhandledPromptBehavior: dismiss and notify}
Session ID: 9330ebaf-3823-4bb5-bbd7-2b74d8de2e8c]]>
            </message>
            <full-stacktrace>
              <![CDATA[org.openqa.selenium.ElementClickInterceptedException: Element <content class="CwaK9"> is not clickable at point (875,386) because another element <div class="ANuIbb IdAqtf"> obscures it
Build info: version: '3.141.59', revision: 'e82be7d358', time: '2018-11-14T08:17:03'
System info: host: 'LAPTOP-E5HOM5DE', ip: '10.111.96.93', os.name: 'Windows 10', os.arch: 'amd64', os.version: '10.0', java.version: '1.8.0_201'
Driver info: org.openqa.selenium.firefox.FirefoxDriver
Capabilities {acceptInsecureCerts: true, browserName: firefox, browserVersion: 67.0, javascriptEnabled: true, moz:accessibilityChecks: false, moz:buildID: 20190328152334, moz:geckodriverVersion: 0.24.0, moz:headless: false, moz:processID: 3728, moz:profile: C:\Users\Shivangi\AppData\L..., moz:shutdownTimeout: 60000, moz:useNonSpecCompliantPointerOrigin: false, moz:webdriverClick: true, pageLoadStrategy: normal, platform: WINDOWS, platformName: WINDOWS, platformVersion: 10.0, rotatable: false, setWindowRect: true, strictFileInteractability: false, timeouts: {implicit: 0, pageLoad: 300000, script: 30000}, unhandledPromptBehavior: dismiss and notify}
Session ID: 9330ebaf-3823-4bb5-bbd7-2b74d8de2e8c
at sun.reflect.NativeConstructorAccessorImpl.newInstance0(Native Method)
at sun.reflect.NativeConstructorAccessorImpl.newInstance(NativeConstructorAccessorImpl.java:62)
at sun.reflect.DelegatingConstructorAccessorImpl.newInstance(DelegatingConstructorAccessorImpl.java:45)
at java.lang.reflect.Constructor.newInstance(Constructor.java:423)
at org.openqa.selenium.remote.http.W3CHttpResponseCodec.createException(W3CHttpResponseCodec.java:187)
at org.openqa.selenium.remote.http.W3CHttpResponseCodec.decode(W3CHttpResponseCodec.java:122)
at org.openqa.selenium.remote.http.W3CHttpResponseCodec.decode(W3CHttpResponseCodec.java:49)
at org.openqa.selenium.remote.HttpCommandExecutor.execute(HttpCommandExecutor.java:158)
at org.openqa.selenium.remote.service.DriverCommandExecutor.execute(DriverCommandExecutor.java:83)
at org.openqa.selenium.remote.RemoteWebDriver.execute(RemoteWebDriver.java:552)
at org.openqa.selenium.remote.RemoteWebElement.execute(RemoteWebElement.java:285)
at org.openqa.selenium.remote.RemoteWebElement.click(RemoteWebElement.java:84)
at sun.reflect.NativeMethodAccessorImpl.invoke0(Native Method)
at sun.reflect.NativeMethodAccessorImpl.invoke(NativeMethodAccessorImpl.java:62)
at sun.reflect.DelegatingMethodAccessorImpl.invoke(DelegatingMethodAccessorImpl.java:43)
at java.lang.reflect.Method.invoke(Method.java:498)
at org.openqa.selenium.support.pagefactory.internal.LocatingElementHandler.invoke(LocatingElementHandler.java:51)
at com.sun.proxy.$Proxy6.click(Unknown Source)
at GmailLogin_All_TestCase.GmailLogin_Page.WrongPwd(GmailLogin_Page.java:111)
at GmailLogin_All_TestCase.GmailLogin_Test.LoginWithCorrectPhone_IncorrectPassword(GmailLogin_Test.java:85)
at sun.reflect.NativeMethodAccessorImpl.invoke0(Native Method)
at sun.reflect.NativeMethodAccessorImpl.invoke(NativeMethodAccessorImpl.java:62)
at sun.reflect.DelegatingMethodAccessorImpl.invoke(DelegatingMethodAccessorImpl.java:43)
at java.lang.reflect.Method.invoke(Method.java:498)
at org.testng.internal.MethodInvocationHelper.invokeMethod(MethodInvocationHelper.java:131)
at org.testng.internal.TestInvoker.invokeMethod(TestInvoker.java:570)
at org.testng.internal.TestInvoker.invokeTestMethod(TestInvoker.java:170)
at org.testng.internal.MethodRunner.runInSequence(MethodRunner.java:46)
at org.testng.internal.TestInvoker$MethodInvocationAgent.invoke(TestInvoker.java:790)
at org.testng.internal.TestInvoker.invokeTestMethods(TestInvoker.java:143)
at org.testng.internal.TestMethodWorker.invokeTestMethods(TestMethodWorker.java:146)
at org.testng.internal.TestMethodWorker.run(TestMethodWorker.java:128)
at org.testng.TestRunner.privateRun(TestRunner.java:763)
at org.testng.TestRunner.run(TestRunner.java:594)
at org.testng.SuiteRunner.runTest(SuiteRunner.java:398)
at org.testng.SuiteRunner.runSequentially(SuiteRunner.java:392)
at org.testng.SuiteRunner.privateRun(SuiteRunner.java:355)
at org.testng.SuiteRunner.run(SuiteRunner.java:304)
at org.testng.SuiteRunnerWorker.runSuite(SuiteRunnerWorker.java:53)
at org.testng.SuiteRunnerWorker.run(SuiteRunnerWorker.java:96)
at org.testng.TestNG.runSuitesSequentially(TestNG.java:1146)
at org.testng.TestNG.runSuitesLocally(TestNG.java:1067)
at org.testng.TestNG.runSuites(TestNG.java:997)
at org.testng.TestNG.run(TestNG.java:965)
at org.testng.remote.AbstractRemoteTestNG.run(AbstractRemoteTestNG.java:115)
at org.testng.remote.RemoteTestNG.initAndRun(RemoteTestNG.java:251)
at org.testng.remote.RemoteTestNG.main(RemoteTestNG.java:77)
]]>
            </full-stacktrace>
          </exception> <!-- org.openqa.selenium.ElementClickInterceptedException -->
          <reporter-output>
          </reporter-output>
        </test-method> <!-- LoginWithCorrectPhone_IncorrectPassword -->
        <test-method status="PASS" signature="afterMethod()[pri:0, instance:GmailLogin_All_TestCase.GmailLogin_Test@520a3426]" name="afterMethod" is-config="true" duration-ms="2455" started-at="2019-04-02T10:33:36 EDT" finished-at="2019-04-02T10:33:38 EDT">
          <reporter-output>
          </reporter-output>
        </test-method> <!-- afterMethod -->
        <test-method status="PASS" signature="beforeMethod()[pri:0, instance:GmailLogin_All_TestCase.GmailLogin_Test@520a3426]" name="beforeMethod" is-config="true" duration-ms="11074" started-at="2019-04-02T10:33:38 EDT" finished-at="2019-04-02T10:33:49 EDT">
          <reporter-output>
          </reporter-output>
        </test-method> <!-- beforeMethod -->
        <test-method status="PASS" signature="LoginWithCorrectEmail_CorrecrPassword()[pri:7, instance:GmailLogin_All_TestCase.GmailLogin_Test@520a3426]" name="LoginWithCorrectEmail_CorrecrPassword" duration-ms="8700" started-at="2019-04-02T10:33:49 EDT" finished-at="2019-04-02T10:33:58 EDT">
          <reporter-output>
          </reporter-output>
        </test-method> <!-- LoginWithCorrectEmail_CorrecrPassword -->
        <test-method status="PASS" signature="afterMethod()[pri:0, instance:GmailLogin_All_TestCase.GmailLogin_Test@520a3426]" name="afterMethod" is-config="true" duration-ms="2207" started-at="2019-04-02T10:33:58 EDT" finished-at="2019-04-02T10:34:00 EDT">
          <reporter-output>
          </reporter-output>
        </test-method> <!-- afterMethod -->
        <test-method status="PASS" signature="beforeMethod()[pri:0, instance:GmailLogin_All_TestCase.GmailLogin_Test@520a3426]" name="beforeMethod" is-config="true" duration-ms="8931" started-at="2019-04-02T10:34:00 EDT" finished-at="2019-04-02T10:34:09 EDT">
          <reporter-output>
          </reporter-output>
        </test-method> <!-- beforeMethod -->
        <test-method status="FAIL" signature="LoginWithCorrectPhone_CorrecrPassword()[pri:8, instance:GmailLogin_All_TestCase.GmailLogin_Test@520a3426]" name="LoginWithCorrectPhone_CorrecrPassword" duration-ms="6200" started-at="2019-04-02T10:34:09 EDT" finished-at="2019-04-02T10:34:15 EDT">
          <exception class="java.lang.AssertionError">
            <message>
              <![CDATA[expected [https://accounts.google.com/signin/v2/sl/pwd?service=mail&passive=true&rm=false&continue=https%3A%2F%2Fmail.google.com%2Fmail%2F&ss=1&scc=1&ltmpl=default&ltmplcache=2&emr=1&osid=1&flowName=GlifWebSignIn&flowEntry=ServiceLogin&cid=1&navigationDirection=forward] but found [https://mail.google.com/mail/u/0/#inbox]]]>
            </message>
            <full-stacktrace>
              <![CDATA[java.lang.AssertionError: expected [https://accounts.google.com/signin/v2/sl/pwd?service=mail&passive=true&rm=false&continue=https%3A%2F%2Fmail.google.com%2Fmail%2F&ss=1&scc=1&ltmpl=default&ltmplcache=2&emr=1&osid=1&flowName=GlifWebSignIn&flowEntry=ServiceLogin&cid=1&navigationDirection=forward] but found [https://mail.google.com/mail/u/0/#inbox]
at org.testng.Assert.fail(Assert.java:97)
at org.testng.Assert.assertEqualsImpl(Assert.java:136)
at org.testng.Assert.assertEquals(Assert.java:118)
at org.testng.Assert.assertEquals(Assert.java:575)
at org.testng.Assert.assertEquals(Assert.java:585)
at GmailLogin_All_TestCase.GmailLogin_Test.LoginWithCorrectPhone_CorrecrPassword(GmailLogin_Test.java:101)
at sun.reflect.NativeMethodAccessorImpl.invoke0(Native Method)
at sun.reflect.NativeMethodAccessorImpl.invoke(NativeMethodAccessorImpl.java:62)
at sun.reflect.DelegatingMethodAccessorImpl.invoke(DelegatingMethodAccessorImpl.java:43)
at java.lang.reflect.Method.invoke(Method.java:498)
at org.testng.internal.MethodInvocationHelper.invokeMethod(MethodInvocationHelper.java:131)
at org.testng.internal.TestInvoker.invokeMethod(TestInvoker.java:570)
at org.testng.internal.TestInvoker.invokeTestMethod(TestInvoker.java:170)
at org.testng.internal.MethodRunner.runInSequence(MethodRunner.java:46)
at org.testng.internal.TestInvoker$MethodInvocationAgent.invoke(TestInvoker.java:790)
at org.testng.internal.TestInvoker.invokeTestMethods(TestInvoker.java:143)
at org.testng.internal.TestMethodWorker.invokeTestMethods(TestMethodWorker.java:146)
at org.testng.internal.TestMethodWorker.run(TestMethodWorker.java:128)
at org.testng.TestRunner.privateRun(TestRunner.java:763)
at org.testng.TestRunner.run(TestRunner.java:594)
at org.testng.SuiteRunner.runTest(SuiteRunner.java:398)
at org.testng.SuiteRunner.runSequentially(SuiteRunner.java:392)
at org.testng.SuiteRunner.privateRun(SuiteRunner.java:355)
at org.testng.SuiteRunner.run(SuiteRunner.java:304)
at org.testng.SuiteRunnerWorker.runSuite(SuiteRunnerWorker.java:53)
at org.testng.SuiteRunnerWorker.run(SuiteRunnerWorker.java:96)
at org.testng.TestNG.runSuitesSequentially(TestNG.java:1146)
at org.testng.TestNG.runSuitesLocally(TestNG.java:1067)
at org.testng.TestNG.runSuites(TestNG.java:997)
at org.testng.TestNG.run(TestNG.java:965)
at org.testng.remote.AbstractRemoteTestNG.run(AbstractRemoteTestNG.java:115)
at org.testng.remote.RemoteTestNG.initAndRun(RemoteTestNG.java:251)
at org.testng.remote.RemoteTestNG.main(RemoteTestNG.java:77)
]]>
            </full-stacktrace>
          </exception> <!-- java.lang.AssertionError -->
          <reporter-output>
          </reporter-output>
        </test-method> <!-- LoginWithCorrectPhone_CorrecrPassword -->
        <test-method status="PASS" signature="afterMethod()[pri:0, instance:GmailLogin_All_TestCase.GmailLogin_Test@520a3426]" name="afterMethod" is-config="true" duration-ms="1645" started-at="2019-04-02T10:34:15 EDT" finished-at="2019-04-02T10:34:17 EDT">
          <reporter-output>
          </reporter-output>
        </test-method> <!-- afterMethod -->
      </class> <!-- GmailLogin_All_TestCase.GmailLogin_Test -->
    </test> <!-- Test -->
  </suite> <!-- Suite -->
</testng-results>
